PID 17700 received SIGSEGV for address: 0x0
/home/godfoder/idb-search-api/node_modules/segfault-handler/build/Release/segfault-handler.node(+0x10e5)[0x7f5daf97c0e5]
/lib/x86_64-linux-gnu/libpthread.so.0(+0x10340)[0x7f5daff53340]
/usr/bin/nodejs(_ZN2v88internal20StaticMarkingVisitorINS0_32IncrementalMarkingMarkingVisitorEE19MarkTransitionArrayEPNS0_4HeapEPNS0_15TransitionArrayE+0x290)[0x7bbe00]
/usr/bin/nodejs(_ZN2v88internal20StaticMarkingVisitorINS0_32IncrementalMarkingMarkingVisitorEE15MarkMapContentsEPNS0_4HeapEPNS0_3MapE+0x3e9)[0x7bc499]
/usr/bin/nodejs(_ZN2v88internal18IncrementalMarking4StepElNS1_16CompletionActionE+0x3c4)[0x7b3394]
/usr/bin/nodejs(_ZN2v88internal8NewSpace15SlowAllocateRawEi+0x70)[0x8aa8b0]
/usr/bin/nodejs(_ZN2v88internal4Heap21AllocateRawFixedArrayEiNS0_13PretenureFlagE+0x12f)[0x753d1f]
/usr/bin/nodejs[0x753e08]
/usr/bin/nodejs(_ZN2v88internal4Heap17AllocateHashTableEiNS0_13PretenureFlagE+0x15)[0x755c55]
/usr/bin/nodejs(_ZN2v88internal9HashTableINS0_21StringDictionaryShapeEPNS0_6StringEE8AllocateEiNS5_15MinimumCapacityENS0_13PretenureFlagE+0x65)[0x82bf95]
/usr/bin/nodejs(_ZN2v88internal10DictionaryINS0_21StringDictionaryShapeEPNS0_6StringEE14EnsureCapacityEiS4_+0x8d)[0x82d40d]
/usr/bin/nodejs(_ZN2v88internal10DictionaryINS0_21StringDictionaryShapeEPNS0_6StringEE3AddES4_PNS0_6ObjectENS0_15PropertyDetailsE+0x21)[0x82d471]
/usr/bin/nodejs(_ZN2v88internal8JSObject15AddSlowPropertyEPNS0_6StringEPNS0_6ObjectE18PropertyAttributes+0x44)[0x81a144]
/usr/bin/nodejs(_ZN2v88internal8JSObject11AddPropertyEPNS0_6StringEPNS0_6ObjectE18PropertyAttributesNS0_14StrictModeFlagENS0_10JSReceiver14StoreFromKeyedENS8_18ExtensibilityCheckE+0x146)[0x81afb6]
/usr/bin/nodejs(_ZN2v88internal8JSObject32SetLocalPropertyIgnoreAttributesEPNS0_6StringEPNS0_6ObjectE18PropertyAttributes+0x37f)[0x81baef]
/usr/bin/nodejs(_ZN2v88internal8JSObject32SetLocalPropertyIgnoreAttributesENS0_6HandleIS1_EENS2_INS0_6StringEEENS2_INS0_6ObjectEEE18PropertyAttributes+0x2b)[0x81be2b]
/usr/bin/nodejs(_ZN2v88internal10JsonParserILb1EE15ParseJsonObjectEv+0x3a8)[0x892a28]
/usr/bin/nodejs(_ZN2v88internal10JsonParserILb1EE14ParseJsonValueEv+0x215)[0x8922b5]
/usr/bin/nodejs(_ZN2v88internal10JsonParserILb1EE15ParseJsonObjectEv+0x16d)[0x8927ed]
/usr/bin/nodejs(_ZN2v88internal10JsonParserILb1EE14ParseJsonValueEv+0x215)[0x8922b5]
/usr/bin/nodejs(_ZN2v88internal10JsonParserILb1EE14ParseJsonArrayEv+0xff)[0x891f6f]
/usr/bin/nodejs(_ZN2v88internal10JsonParserILb1EE14ParseJsonValueEv+0x225)[0x8922c5]
/usr/bin/nodejs(_ZN2v88internal10JsonParserILb1EE15ParseJsonObjectEv+0x16d)[0x8927ed]
/usr/bin/nodejs(_ZN2v88internal10JsonParserILb1EE14ParseJsonValueEv+0x215)[0x8922b5]
/usr/bin/nodejs(_ZN2v88internal10JsonParserILb1EE15ParseJsonObjectEv+0x16d)[0x8927ed]
/usr/bin/nodejs(_ZN2v88internal10JsonParserILb1EE14ParseJsonValueEv+0x215)[0x8922b5]
/usr/bin/nodejs(_ZN2v88internal10JsonParserILb1EE9ParseJsonENS0_6HandleINS0_6StringEEEPNS0_4ZoneE+0xb6)[0x8924c6]
/usr/bin/nodejs(_ZN2v88internal17Runtime_ParseJsonENS0_9ArgumentsEPNS0_7IsolateE+0x154)[0x88a9e4]
[0x260f36406362]
